<?xml version="1.0" encoding="UTF-8"?>
<testsuites name="Mocha Tests" time="0.066" tests="1" failures="0">
  <testsuite name="Root Suite" timestamp="2022-03-24T16:26:30" tests="0" failures="0" time="0">
  </testsuite>
  <testsuite name="Segment Controller" timestamp="2022-03-24T16:26:32" tests="1" file="/projects/challenge/test/controllers/SegmentController.test.js" failures="0" time="0.066">
    <testcase name="Segment Controller get /segment" time="0.066" classname="get /segment">
    </testcase>
  </testsuite>
</testsuites>